current directory: /Users/lisap/Documents/rails/netball_usa/gems/puma-5.6.8/ext/puma_http11
/Users/lisap/.rbenv/versions/3.3.4/bin/ruby extconf.rb
checking for BIO_read() in -lcrypto... yes
checking for SSL_CTX_new() in -lssl... yes
checking for openssl/bio.h... yes
checking for DTLS_method() in openssl/ssl.h... yes
checking for TLS_server_method() in openssl/ssl.h... yes
checking for SSL_CTX_set_min_proto_version(NULL, 0) in openssl/ssl.h... yes
checking for X509_STORE_up_ref()... yes
checking for SSL_CTX_set_ecdh_auto(NULL, 0) in openssl/ssl.h... yes
checking for SSL_CTX_set_dh_auto(NULL, 0) in openssl/ssl.h... yes
checking for SSL_get1_peer_certificate() in openssl/ssl.h... yes
checking for Random.bytes... yes
creating Makefile

current directory: /Users/lisap/Documents/rails/netball_usa/gems/puma-5.6.8/ext/puma_http11
make DESTDIR\= sitearchdir\=./.gem.20240728-71036-boqu33 sitelibdir\=./.gem.20240728-71036-boqu33 clean

current directory: /Users/lisap/Documents/rails/netball_usa/gems/puma-5.6.8/ext/puma_http11
make DESTDIR\= sitearchdir\=./.gem.20240728-71036-boqu33 sitelibdir\=./.gem.20240728-71036-boqu33
compiling http11_parser.c
compiling mini_ssl.c
compiling puma_http11.c
linking shared-object puma/puma_http11.bundle
ld: warning: -undefined dynamic_lookup may not work with chained fixups

current directory: /Users/lisap/Documents/rails/netball_usa/gems/puma-5.6.8/ext/puma_http11
make DESTDIR\= sitearchdir\=./.gem.20240728-71036-boqu33 sitelibdir\=./.gem.20240728-71036-boqu33 install
/usr/local/bin/ginstall -c -m 0755 puma_http11.bundle ./.gem.20240728-71036-boqu33/puma

current directory: /Users/lisap/Documents/rails/netball_usa/gems/puma-5.6.8/ext/puma_http11
make DESTDIR\= sitearchdir\=./.gem.20240728-71036-boqu33 sitelibdir\=./.gem.20240728-71036-boqu33 clean
